c:\users\maxim\ideaprojects\javascripttranslator\javascripttranslator\parser.tab.cpp
c:\users\maxim\ideaprojects\javascripttranslator\javascripttranslator\parser.tab.h
c:\users\maxim\ideaprojects\javascripttranslator\javascripttranslator\lexer.flex.cpp
c:\users\maxim\ideaprojects\javascripttranslator\javascripttranslator\x64\debug\vc142.pdb
c:\users\maxim\ideaprojects\javascripttranslator\javascripttranslator\x64\debug\vc142.idb
c:\users\maxim\ideaprojects\javascripttranslator\javascripttranslator\x64\debug\lexer.flex.obj
c:\users\maxim\ideaprojects\javascripttranslator\javascripttranslator\x64\debug\parser.tab.obj
c:\users\maxim\ideaprojects\javascripttranslator\javascripttranslator\x64\debug\semantic.obj
c:\users\maxim\ideaprojects\javascripttranslator\javascripttranslator\x64\debug\javascripttranslator.write.1.tlog
c:\users\maxim\ideaprojects\javascripttranslator\x64\debug\javascripttranslator.pdb
c:\users\maxim\ideaprojects\javascripttranslator\javascripttranslator\x64\debug\javascri.8e42d452.tlog\cl.command.1.tlog
c:\users\maxim\ideaprojects\javascripttranslator\javascripttranslator\x64\debug\javascri.8e42d452.tlog\cl.read.1.tlog
c:\users\maxim\ideaprojects\javascripttranslator\javascripttranslator\x64\debug\javascri.8e42d452.tlog\cl.write.1.tlog
c:\users\maxim\ideaprojects\javascripttranslator\javascripttranslator\x64\debug\javascri.8e42d452.tlog\link-cvtres.read.1.tlog
c:\users\maxim\ideaprojects\javascripttranslator\javascripttranslator\x64\debug\javascri.8e42d452.tlog\link-cvtres.write.1.tlog
c:\users\maxim\ideaprojects\javascripttranslator\javascripttranslator\x64\debug\javascri.8e42d452.tlog\link-rc.read.1.tlog
c:\users\maxim\ideaprojects\javascripttranslator\javascripttranslator\x64\debug\javascri.8e42d452.tlog\link-rc.write.1.tlog
c:\users\maxim\ideaprojects\javascripttranslator\javascripttranslator\x64\debug\javascri.8e42d452.tlog\link.command.1.tlog
c:\users\maxim\ideaprojects\javascripttranslator\javascripttranslator\x64\debug\javascri.8e42d452.tlog\link.read.1.tlog
c:\users\maxim\ideaprojects\javascripttranslator\javascripttranslator\x64\debug\javascri.8e42d452.tlog\link.write.1.tlog
